0 verbose cli /usr/local/bin/node /usr/local/bin/npm
1 info using npm@10.8.2
2 info using node@v20.19.5
3 silly config load:file:/usr/local/lib/node_modules/npm/npmrc
4 silly config load:file:/data/.npmrc
5 silly config load:file:/usr/src/node-red/.npmrc
6 silly config load:file:/usr/local/etc/npmrc
7 verbose title npm install node-red-contrib-aedes@0.15.0
8 verbose argv "install" "--no-audit" "--no-update-notifier" "--no-fund" "--save" "--save-prefix" "~" "--omit" "dev" "--engine-strict" "node-red-contrib-aedes@0.15.0"
9 verbose logfile logs-max:10 dir:/data/.npm/_logs/2025-12-02T16_13_10_172Z-
10 verbose logfile /data/.npm/_logs/2025-12-02T16_13_10_172Z-debug-0.log
11 silly packumentCache heap:2197815296 maxSize:549453824 maxEntrySize:274726912
12 silly logfile done cleaning log files
13 silly idealTree buildDeps
14 silly fetch manifest node-red-contrib-aedes@0.15.0
15 silly packumentCache full:https://registry.npmjs.org/node-red-contrib-aedes cache-miss
16 http fetch GET 200 https://registry.npmjs.org/node-red-contrib-aedes 870ms (cache miss)
17 silly packumentCache full:https://registry.npmjs.org/node-red-contrib-aedes set size:undefined disposed:false
18 silly placeDep ROOT node-red-contrib-aedes@0.15.0 OK for: node-red-project@0.0.1 want: 0.15.0
19 silly fetch manifest aedes@^0.51.3
20 silly packumentCache full:https://registry.npmjs.org/aedes cache-miss
21 silly fetch manifest aedes-persistence-mongodb@^9.3.0
22 silly packumentCache full:https://registry.npmjs.org/aedes-persistence-mongodb cache-miss
23 silly fetch manifest websocket-stream@^5.5.2
24 silly packumentCache full:https://registry.npmjs.org/websocket-stream cache-miss
25 http fetch GET 200 https://registry.npmjs.org/websocket-stream 723ms (cache miss)
26 silly packumentCache full:https://registry.npmjs.org/websocket-stream set size:undefined disposed:false
27 http fetch GET 200 https://registry.npmjs.org/aedes-persistence-mongodb 732ms (cache miss)
28 silly packumentCache full:https://registry.npmjs.org/aedes-persistence-mongodb set size:undefined disposed:false
29 http fetch GET 200 https://registry.npmjs.org/aedes 741ms (cache miss)
30 silly packumentCache full:https://registry.npmjs.org/aedes set size:undefined disposed:false
31 silly placeDep ROOT aedes@0.51.3 OK for: node-red-contrib-aedes@0.15.0 want: ^0.51.3
32 silly placeDep ROOT aedes-persistence-mongodb@9.4.0 OK for: node-red-contrib-aedes@0.15.0 want: ^9.3.0
33 silly placeDep ROOT websocket-stream@5.5.2 OK for: node-red-contrib-aedes@0.15.0 want: ^5.5.2
34 silly fetch manifest aedes-packet@^3.0.0
35 silly packumentCache full:https://registry.npmjs.org/aedes-packet cache-miss
36 silly fetch manifest aedes-persistence@^9.1.2
37 silly packumentCache full:https://registry.npmjs.org/aedes-persistence cache-miss
38 silly fetch manifest end-of-stream@^1.4.4
39 silly packumentCache full:https://registry.npmjs.org/end-of-stream cache-miss
40 silly fetch manifest fastfall@^1.5.1
41 silly packumentCache full:https://registry.npmjs.org/fastfall cache-miss
42 silly fetch manifest fastparallel@^2.4.1
43 silly packumentCache full:https://registry.npmjs.org/fastparallel cache-miss
44 silly fetch manifest fastseries@^2.0.0
45 silly packumentCache full:https://registry.npmjs.org/fastseries cache-miss
46 silly fetch manifest hyperid@^3.2.0
47 silly packumentCache full:https://registry.npmjs.org/hyperid cache-miss
48 silly fetch manifest mqemitter@^6.0.0
49 silly packumentCache full:https://registry.npmjs.org/mqemitter cache-miss
50 silly fetch manifest mqtt-packet@^9.0.0
51 silly packumentCache full:https://registry.npmjs.org/mqtt-packet cache-miss
52 silly fetch manifest retimer@^4.0.0
53 silly packumentCache full:https://registry.npmjs.org/retimer cache-miss
54 silly fetch manifest reusify@^1.0.4
55 silly packumentCache full:https://registry.npmjs.org/reusify cache-miss
56 silly fetch manifest uuid@^10.0.0
57 silly packumentCache full:https://registry.npmjs.org/uuid cache-miss
58 silly fetch manifest aedes-persistence@^10.2.2
59 silly packumentCache full:https://registry.npmjs.org/aedes-persistence cache-miss
60 silly fetch manifest escape-string-regexp@^4.0.0
61 silly packumentCache full:https://registry.npmjs.org/escape-string-regexp cache-miss
62 silly fetch manifest mongodb@6.17
63 silly packumentCache full:https://registry.npmjs.org/mongodb cache-miss
64 http fetch GET 200 https://registry.npmjs.org/end-of-stream 154ms (cache miss)
65 silly packumentCache full:https://registry.npmjs.org/end-of-stream set size:undefined disposed:false
66 silly fetch manifest qlobber@^8.0.1
67 silly packumentCache full:https://registry.npmjs.org/qlobber cache-miss
68 http fetch GET 200 https://registry.npmjs.org/fastfall 209ms (cache miss)
69 silly packumentCache full:https://registry.npmjs.org/fastfall set size:undefined disposed:false
70 silly fetch manifest duplexify@^3.5.1
71 silly packumentCache full:https://registry.npmjs.org/duplexify cache-miss
72 http fetch GET 200 https://registry.npmjs.org/fastparallel 216ms (cache miss)
73 silly packumentCache full:https://registry.npmjs.org/fastparallel set size:undefined disposed:false
74 silly fetch manifest inherits@^2.0.1
75 silly packumentCache full:https://registry.npmjs.org/inherits cache-miss
76 http fetch GET 200 https://registry.npmjs.org/escape-string-regexp 219ms (cache miss)
77 silly packumentCache full:https://registry.npmjs.org/escape-string-regexp set size:undefined disposed:false
78 silly fetch manifest readable-stream@^2.3.3
79 silly packumentCache full:https://registry.npmjs.org/readable-stream cache-miss
80 http fetch GET 200 https://registry.npmjs.org/fastseries 228ms (cache miss)
81 silly packumentCache full:https://registry.npmjs.org/fastseries set size:undefined disposed:false
82 silly fetch manifest safe-buffer@^5.1.2
83 silly packumentCache full:https://registry.npmjs.org/safe-buffer cache-miss
84 http fetch GET 200 https://registry.npmjs.org/retimer 235ms (cache miss)
85 silly packumentCache full:https://registry.npmjs.org/retimer set size:undefined disposed:false
86 silly fetch manifest ws@^3.2.0
87 silly packumentCache full:https://registry.npmjs.org/ws cache-miss
88 http fetch GET 200 https://registry.npmjs.org/reusify 238ms (cache miss)
89 silly packumentCache full:https://registry.npmjs.org/reusify set size:undefined disposed:false
90 silly fetch manifest xtend@^4.0.0
91 silly packumentCache full:https://registry.npmjs.org/xtend cache-miss
92 http fetch GET 200 https://registry.npmjs.org/mqtt-packet 288ms (cache miss)
93 silly packumentCache full:https://registry.npmjs.org/mqtt-packet set size:undefined disposed:false
94 http fetch GET 200 https://registry.npmjs.org/uuid 289ms (cache miss)
95 silly packumentCache full:https://registry.npmjs.org/uuid set size:undefined disposed:false
96 http fetch GET 200 https://registry.npmjs.org/inherits 84ms (cache miss)
97 silly packumentCache full:https://registry.npmjs.org/inherits set size:undefined disposed:false
98 http fetch GET 200 https://registry.npmjs.org/duplexify 94ms (cache miss)
99 silly packumentCache full:https://registry.npmjs.org/duplexify set size:undefined disposed:false
100 http fetch GET 200 https://registry.npmjs.org/xtend 72ms (cache miss)
101 silly packumentCache full:https://registry.npmjs.org/xtend set size:undefined disposed:false
102 http fetch GET 200 https://registry.npmjs.org/safe-buffer 88ms (cache miss)
103 silly packumentCache full:https://registry.npmjs.org/safe-buffer set size:undefined disposed:false
104 http fetch GET 200 https://registry.npmjs.org/readable-stream 106ms (cache miss)
105 silly packumentCache full:https://registry.npmjs.org/readable-stream set size:undefined disposed:false
106 http fetch GET 200 https://registry.npmjs.org/ws 100ms (cache miss)
107 silly packumentCache full:https://registry.npmjs.org/ws set size:undefined disposed:false
108 http fetch GET 200 https://registry.npmjs.org/mongodb 391ms (cache miss)
109 silly packumentCache full:https://registry.npmjs.org/mongodb set size:undefined disposed:false
110 http fetch GET 200 https://registry.npmjs.org/aedes-packet 697ms (cache miss)
111 silly packumentCache full:https://registry.npmjs.org/aedes-packet set size:undefined disposed:false
112 http fetch GET 200 https://registry.npmjs.org/aedes-persistence 693ms (cache miss)
113 silly packumentCache full:https://registry.npmjs.org/aedes-persistence set size:undefined disposed:false
114 http fetch GET 200 https://registry.npmjs.org/aedes-persistence 704ms (cache miss)
115 silly packumentCache full:https://registry.npmjs.org/aedes-persistence set size:undefined disposed:false
116 http fetch GET 200 https://registry.npmjs.org/mqemitter 751ms (cache miss)
117 silly packumentCache full:https://registry.npmjs.org/mqemitter set size:undefined disposed:false
118 http fetch GET 200 https://registry.npmjs.org/hyperid 811ms (cache miss)
119 silly packumentCache full:https://registry.npmjs.org/hyperid set size:undefined disposed:false
120 http fetch GET 200 https://registry.npmjs.org/qlobber 731ms (cache miss)
121 silly packumentCache full:https://registry.npmjs.org/qlobber set size:undefined disposed:false
122 silly placeDep ROOT aedes-packet@3.0.0 OK for: aedes@0.51.3 want: ^3.0.0
123 silly placeDep ROOT aedes-persistence@9.1.2 OK for: aedes@0.51.3 want: ^9.1.2
124 silly placeDep ROOT end-of-stream@1.4.5 OK for: aedes@0.51.3 want: ^1.4.4
125 silly placeDep ROOT fastfall@1.5.1 OK for: aedes@0.51.3 want: ^1.5.1
126 silly placeDep ROOT fastparallel@2.4.1 OK for: aedes@0.51.3 want: ^2.4.1
127 silly placeDep ROOT fastseries@2.0.0 OK for: aedes@0.51.3 want: ^2.0.0
128 silly placeDep ROOT hyperid@3.3.0 OK for: aedes@0.51.3 want: ^3.2.0
129 silly placeDep ROOT mqemitter@6.0.2 OK for: aedes@0.51.3 want: ^6.0.0
130 silly placeDep ROOT mqtt-packet@9.0.2 OK for: aedes@0.51.3 want: ^9.0.0
131 silly placeDep ROOT retimer@4.0.0 OK for: aedes@0.51.3 want: ^4.0.0
132 silly placeDep ROOT reusify@1.1.0 OK for: aedes@0.51.3 want: ^1.0.4
133 silly placeDep ROOT uuid@10.0.0 OK for: aedes@0.51.3 want: ^10.0.0
134 silly fetch manifest mqtt-packet@^7.0.0
135 silly packumentCache full:https://registry.npmjs.org/mqtt-packet cache-miss
136 silly fetch manifest qlobber@^7.0.0
137 silly packumentCache full:https://registry.npmjs.org/qlobber cache-miss
138 silly fetch manifest once@^1.4.0
139 silly packumentCache full:https://registry.npmjs.org/once cache-miss
140 silly fetch manifest reusify@^1.0.0
141 silly packumentCache full:https://registry.npmjs.org/reusify cache-miss
142 silly fetch manifest xtend@^4.0.2
143 silly packumentCache full:https://registry.npmjs.org/xtend cache-miss
144 silly fetch manifest buffer@^5.2.1
145 silly packumentCache full:https://registry.npmjs.org/buffer cache-miss
146 silly fetch manifest uuid@^8.3.2
147 silly packumentCache full:https://registry.npmjs.org/uuid cache-miss
148 silly fetch manifest uuid-parse@^1.1.0
149 silly packumentCache full:https://registry.npmjs.org/uuid-parse cache-miss
150 silly fetch manifest bl@^6.0.8
151 silly packumentCache full:https://registry.npmjs.org/bl cache-miss
152 silly fetch manifest debug@^4.3.4
153 silly packumentCache full:https://registry.npmjs.org/debug cache-miss
154 silly fetch manifest process-nextick-args@^2.0.1
155 silly packumentCache full:https://registry.npmjs.org/process-nextick-args cache-miss
156 silly fetch manifest worker-timers@^7.0.75
157 silly packumentCache full:https://registry.npmjs.org/worker-timers cache-miss
158 http fetch GET 200 https://registry.npmjs.org/qlobber 33ms (cache hit)
159 silly packumentCache full:https://registry.npmjs.org/qlobber set size:130469 disposed:false
160 http fetch GET 200 https://registry.npmjs.org/mqtt-packet 38ms (cache hit)
161 silly packumentCache full:https://registry.npmjs.org/mqtt-packet set size:181823 disposed:false
162 http fetch GET 200 https://registry.npmjs.org/xtend 45ms (cache hit)
163 silly packumentCache full:https://registry.npmjs.org/xtend set size:28314 disposed:false
164 http fetch GET 200 https://registry.npmjs.org/reusify 48ms (cache hit)
165 silly packumentCache full:https://registry.npmjs.org/reusify set size:14249 disposed:false
166 http fetch GET 200 https://registry.npmjs.org/uuid 61ms (cache hit)
167 silly packumentCache full:https://registry.npmjs.org/uuid set size:224608 disposed:false
168 http fetch GET 200 https://registry.npmjs.org/once 97ms (cache miss)
169 silly packumentCache full:https://registry.npmjs.org/once set size:undefined disposed:false
170 http fetch GET 200 https://registry.npmjs.org/process-nextick-args 93ms (cache miss)
171 silly packumentCache full:https://registry.npmjs.org/process-nextick-args set size:undefined disposed:false
172 http fetch GET 200 https://registry.npmjs.org/debug 105ms (cache miss)
173 silly packumentCache full:https://registry.npmjs.org/debug set size:undefined disposed:false
174 http fetch GET 200 https://registry.npmjs.org/bl 111ms (cache miss)
175 silly packumentCache full:https://registry.npmjs.org/bl set size:undefined disposed:false
176 http fetch GET 200 https://registry.npmjs.org/buffer 115ms (cache miss)
177 silly packumentCache full:https://registry.npmjs.org/buffer set size:undefined disposed:false
178 http fetch GET 200 https://registry.npmjs.org/worker-timers 133ms (cache miss)
179 silly packumentCache full:https://registry.npmjs.org/worker-timers set size:undefined disposed:false
180 http fetch GET 200 https://registry.npmjs.org/uuid-parse 665ms (cache miss)
181 silly packumentCache full:https://registry.npmjs.org/uuid-parse set size:undefined disposed:false
182 silly placeDep node_modules/aedes-packet mqtt-packet@7.1.2 OK for: aedes-packet@3.0.0 want: ^7.0.0
183 silly fetch manifest bl@^4.0.2
184 silly packumentCache full:https://registry.npmjs.org/bl cache-miss
185 silly fetch manifest debug@^4.1.1
186 silly packumentCache full:https://registry.npmjs.org/debug cache-miss
187 http fetch GET 200 https://registry.npmjs.org/bl 17ms (cache hit)
188 silly packumentCache full:https://registry.npmjs.org/bl set size:186025 disposed:false
189 http fetch GET 200 https://registry.npmjs.org/debug 17ms (cache hit)
190 silly packumentCache full:https://registry.npmjs.org/debug set size:195840 disposed:false
191 silly placeDep ROOT qlobber@7.0.1 OK for: aedes-persistence@9.1.2 want: ^7.0.0
192 silly fetch manifest @aws-sdk/credential-providers@^3.188.0
193 silly packumentCache full:https://registry.npmjs.org/@aws-sdk%2fcredential-providers cache-miss
194 http fetch GET 200 https://registry.npmjs.org/@aws-sdk%2fcredential-providers 378ms (cache miss)
195 silly packumentCache full:https://registry.npmjs.org/@aws-sdk%2fcredential-providers set size:undefined disposed:false
196 silly fetch manifest @mongodb-js/zstd@^1.1.0 || ^2.0.0
197 silly packumentCache full:https://registry.npmjs.org/@mongodb-js%2fzstd cache-miss
198 http fetch GET 200 https://registry.npmjs.org/@mongodb-js%2fzstd 876ms (cache miss)
199 silly packumentCache full:https://registry.npmjs.org/@mongodb-js%2fzstd set size:undefined disposed:false
200 silly fetch manifest gcp-metadata@^5.2.0
201 silly packumentCache full:https://registry.npmjs.org/gcp-metadata cache-miss
202 http fetch GET 200 https://registry.npmjs.org/gcp-metadata 45ms (cache miss)
203 silly packumentCache full:https://registry.npmjs.org/gcp-metadata set size:undefined disposed:false
204 silly fetch manifest kerberos@^2.0.1
205 silly packumentCache full:https://registry.npmjs.org/kerberos cache-miss
206 http fetch GET 200 https://registry.npmjs.org/kerberos 38ms (cache miss)
207 silly packumentCache full:https://registry.npmjs.org/kerberos set size:undefined disposed:false
208 silly fetch manifest mongodb-client-encryption@>=6.0.0 <7
209 silly packumentCache full:https://registry.npmjs.org/mongodb-client-encryption cache-miss
210 http fetch GET 200 https://registry.npmjs.org/mongodb-client-encryption 48ms (cache miss)
211 silly packumentCache full:https://registry.npmjs.org/mongodb-client-encryption set size:undefined disposed:false
212 silly fetch manifest snappy@^7.2.2
213 silly packumentCache full:https://registry.npmjs.org/snappy cache-miss
214 http fetch GET 200 https://registry.npmjs.org/snappy 49ms (cache miss)
215 silly packumentCache full:https://registry.npmjs.org/snappy set size:undefined disposed:false
216 silly fetch manifest socks@^2.7.1
217 silly packumentCache full:https://registry.npmjs.org/socks cache-miss
218 http fetch GET 200 https://registry.npmjs.org/socks 41ms (cache miss)
219 silly packumentCache full:https://registry.npmjs.org/socks set size:undefined disposed:false
220 silly placeDep node_modules/aedes-persistence-mongodb aedes-persistence@10.2.2 OK for: aedes-persistence-mongodb@9.4.0 want: ^10.2.2
221 silly placeDep ROOT escape-string-regexp@4.0.0 OK for: aedes-persistence-mongodb@9.4.0 want: ^4.0.0
222 silly placeDep ROOT mongodb@6.17.0 OK for: aedes-persistence-mongodb@9.4.0 want: 6.17
223 silly placeDep node_modules/aedes-persistence-mongodb qlobber@8.0.1 OK for: aedes-persistence-mongodb@9.4.0 want: ^8.0.1
224 silly fetch manifest bson@^6.10.4
225 silly packumentCache full:https://registry.npmjs.org/bson cache-miss
226 silly fetch manifest @mongodb-js/saslprep@^1.1.9
227 silly packumentCache full:https://registry.npmjs.org/@mongodb-js%2fsaslprep cache-miss
228 silly fetch manifest mongodb-connection-string-url@^3.0.0
229 silly packumentCache full:https://registry.npmjs.org/mongodb-connection-string-url cache-miss
230 http fetch GET 200 https://registry.npmjs.org/mongodb-connection-string-url 59ms (cache miss)
231 silly packumentCache full:https://registry.npmjs.org/mongodb-connection-string-url set size:undefined disposed:false
232 http fetch GET 200 https://registry.npmjs.org/bson 75ms (cache miss)
233 silly packumentCache full:https://registry.npmjs.org/bson set size:undefined disposed:false
234 http fetch GET 200 https://registry.npmjs.org/@mongodb-js%2fsaslprep 339ms (cache miss)
235 silly packumentCache full:https://registry.npmjs.org/@mongodb-js%2fsaslprep set size:undefined disposed:false
236 silly placeDep ROOT once@1.4.0 OK for: end-of-stream@1.4.5 want: ^1.4.0
237 silly fetch manifest wrappy@1
238 silly packumentCache full:https://registry.npmjs.org/wrappy cache-miss
239 http fetch GET 200 https://registry.npmjs.org/wrappy 38ms (cache miss)
240 silly packumentCache full:https://registry.npmjs.org/wrappy set size:undefined disposed:false
241 silly placeDep ROOT xtend@4.0.2 OK for: fastparallel@2.4.1 want: ^4.0.2
242 silly placeDep ROOT buffer@5.7.1 OK for: hyperid@3.3.0 want: ^5.2.1
243 silly placeDep node_modules/hyperid uuid@8.3.2 OK for: hyperid@3.3.0 want: ^8.3.2
244 silly placeDep ROOT uuid-parse@1.1.0 OK for: hyperid@3.3.0 want: ^1.1.0
245 silly fetch manifest base64-js@^1.3.1
246 silly packumentCache full:https://registry.npmjs.org/base64-js cache-miss
247 silly fetch manifest ieee754@^1.1.13
248 silly packumentCache full:https://registry.npmjs.org/ieee754 cache-miss
249 http fetch GET 200 https://registry.npmjs.org/ieee754 40ms (cache miss)
250 silly packumentCache full:https://registry.npmjs.org/ieee754 set size:undefined disposed:false
251 http fetch GET 200 https://registry.npmjs.org/base64-js 42ms (cache miss)
252 silly packumentCache full:https://registry.npmjs.org/base64-js set size:undefined disposed:false
253 silly placeDep ROOT base64-js@1.5.1 OK for: buffer@5.7.1 want: ^1.3.1
254 silly placeDep ROOT ieee754@1.2.1 OK for: buffer@5.7.1 want: ^1.1.13
255 silly placeDep ROOT @mongodb-js/saslprep@1.3.2 OK for: mongodb@6.17.0 want: ^1.1.9
256 silly placeDep ROOT bson@6.10.4 OK for: mongodb@6.17.0 want: ^6.10.4
257 silly placeDep ROOT mongodb-connection-string-url@3.0.2 OK for: mongodb@6.17.0 want: ^3.0.0
258 silly fetch manifest sparse-bitfield@^3.0.3
259 silly packumentCache full:https://registry.npmjs.org/sparse-bitfield cache-miss
260 silly fetch manifest whatwg-url@^14.1.0 || ^13.0.0
261 silly packumentCache full:https://registry.npmjs.org/whatwg-url cache-miss
262 silly fetch manifest @types/whatwg-url@^11.0.2
263 silly packumentCache full:https://registry.npmjs.org/@types%2fwhatwg-url cache-miss
264 http fetch GET 200 https://registry.npmjs.org/sparse-bitfield 37ms (cache miss)
265 silly packumentCache full:https://registry.npmjs.org/sparse-bitfield set size:undefined disposed:false
266 http fetch GET 200 https://registry.npmjs.org/whatwg-url 43ms (cache miss)
267 silly packumentCache full:https://registry.npmjs.org/whatwg-url set size:undefined disposed:false
268 http fetch GET 200 https://registry.npmjs.org/@types%2fwhatwg-url 50ms (cache miss)
269 silly packumentCache full:https://registry.npmjs.org/@types%2fwhatwg-url set size:undefined disposed:false
270 silly placeDep ROOT sparse-bitfield@3.0.3 OK for: @mongodb-js/saslprep@1.3.2 want: ^3.0.3
271 silly fetch manifest memory-pager@^1.0.2
272 silly packumentCache full:https://registry.npmjs.org/memory-pager cache-miss
273 http fetch GET 200 https://registry.npmjs.org/memory-pager 43ms (cache miss)
274 silly packumentCache full:https://registry.npmjs.org/memory-pager set size:undefined disposed:false
275 silly placeDep ROOT @types/whatwg-url@11.0.5 OK for: mongodb-connection-string-url@3.0.2 want: ^11.0.2
276 silly placeDep ROOT whatwg-url@14.2.0 OK for: mongodb-connection-string-url@3.0.2 want: ^14.1.0 || ^13.0.0
277 silly fetch manifest @types/webidl-conversions@*
278 silly packumentCache full:https://registry.npmjs.org/@types%2fwebidl-conversions cache-miss
279 silly fetch manifest tr46@^5.1.0
280 silly packumentCache full:https://registry.npmjs.org/tr46 cache-miss
281 silly fetch manifest webidl-conversions@^7.0.0
282 silly packumentCache full:https://registry.npmjs.org/webidl-conversions cache-miss
283 http fetch GET 200 https://registry.npmjs.org/tr46 40ms (cache miss)
284 silly packumentCache full:https://registry.npmjs.org/tr46 set size:undefined disposed:false
285 http fetch GET 200 https://registry.npmjs.org/@types%2fwebidl-conversions 43ms (cache miss)
286 silly packumentCache full:https://registry.npmjs.org/@types%2fwebidl-conversions set size:undefined disposed:false
287 http fetch GET 200 https://registry.npmjs.org/webidl-conversions 58ms (cache miss)
288 silly packumentCache full:https://registry.npmjs.org/webidl-conversions set size:undefined disposed:false
289 silly placeDep ROOT @types/webidl-conversions@7.0.3 OK for: @types/whatwg-url@11.0.5 want: *
290 silly placeDep node_modules/mqemitter qlobber@8.0.1 OK for: mqemitter@6.0.2 want: ^8.0.1
291 silly placeDep ROOT bl@6.1.5 OK for: mqtt-packet@9.0.2 want: ^6.0.8
292 silly placeDep ROOT debug@4.4.3 OK for: mqtt-packet@9.0.2 want: ^4.3.4
293 silly placeDep ROOT process-nextick-args@2.0.1 OK for: mqtt-packet@9.0.2 want: ^2.0.1
294 silly fetch manifest @types/readable-stream@^4.0.0
295 silly packumentCache full:https://registry.npmjs.org/@types%2freadable-stream cache-miss
296 silly fetch manifest buffer@^6.0.3
297 silly packumentCache full:https://registry.npmjs.org/buffer cache-miss
298 silly fetch manifest inherits@^2.0.4
299 silly packumentCache full:https://registry.npmjs.org/inherits cache-miss
300 silly fetch manifest readable-stream@^4.2.0
301 silly packumentCache full:https://registry.npmjs.org/readable-stream cache-miss
302 silly fetch manifest ms@^2.1.3
303 silly packumentCache full:https://registry.npmjs.org/ms cache-miss
304 http fetch GET 200 https://registry.npmjs.org/inherits 11ms (cache hit)
305 silly packumentCache full:https://registry.npmjs.org/inherits set size:12925 disposed:false
306 http fetch GET 200 https://registry.npmjs.org/buffer 15ms (cache hit)
307 silly packumentCache full:https://registry.npmjs.org/buffer set size:280480 disposed:false
308 http fetch GET 200 https://registry.npmjs.org/readable-stream 16ms (cache hit)
309 silly packumentCache full:https://registry.npmjs.org/readable-stream set size:261096 disposed:false
310 http fetch GET 200 https://registry.npmjs.org/ms 42ms (cache miss)
311 silly packumentCache full:https://registry.npmjs.org/ms set size:undefined disposed:false
312 http fetch GET 200 https://registry.npmjs.org/@types%2freadable-stream 48ms (cache miss)
313 silly packumentCache full:https://registry.npmjs.org/@types%2freadable-stream set size:undefined disposed:false
314 silly placeDep ROOT @types/readable-stream@4.0.22 OK for: bl@6.1.5 want: ^4.0.0
315 silly placeDep node_modules/bl buffer@6.0.3 OK for: bl@6.1.5 want: ^6.0.3
316 silly placeDep ROOT inherits@2.0.4 OK for: bl@6.1.5 want: ^2.0.4
317 silly placeDep ROOT readable-stream@4.7.0 OK for: bl@6.1.5 want: ^4.2.0
318 silly fetch manifest @types/node@*
319 silly packumentCache full:https://registry.npmjs.org/@types%2fnode cache-miss
320 silly fetch manifest abort-controller@^3.0.0
321 silly packumentCache full:https://registry.npmjs.org/abort-controller cache-miss
322 silly fetch manifest events@^3.3.0
323 silly packumentCache full:https://registry.npmjs.org/events cache-miss
324 silly fetch manifest process@^0.11.10
325 silly packumentCache full:https://registry.npmjs.org/process cache-miss
326 silly fetch manifest string_decoder@^1.3.0
327 silly packumentCache full:https://registry.npmjs.org/string_decoder cache-miss
328 http fetch GET 200 https://registry.npmjs.org/string_decoder 73ms (cache miss)
329 silly packumentCache full:https://registry.npmjs.org/string_decoder set size:undefined disposed:false
330 http fetch GET 200 https://registry.npmjs.org/abort-controller 79ms (cache miss)
331 silly packumentCache full:https://registry.npmjs.org/abort-controller set size:undefined disposed:false
332 http fetch GET 200 https://registry.npmjs.org/process 80ms (cache miss)
333 silly packumentCache full:https://registry.npmjs.org/process set size:undefined disposed:false
334 http fetch GET 200 https://registry.npmjs.org/events 84ms (cache miss)
335 silly packumentCache full:https://registry.npmjs.org/events set size:undefined disposed:false
336 http fetch GET 200 https://registry.npmjs.org/@types%2fnode 277ms (cache miss)
337 silly packumentCache full:https://registry.npmjs.org/@types%2fnode set size:undefined disposed:false
338 silly placeDep ROOT @types/node@24.10.1 OK for: @types/readable-stream@4.0.22 want: *
339 silly fetch manifest undici-types@~7.16.0
340 silly packumentCache full:https://registry.npmjs.org/undici-types cache-miss
341 http fetch GET 200 https://registry.npmjs.org/undici-types 42ms (cache miss)
342 silly packumentCache full:https://registry.npmjs.org/undici-types set size:undefined disposed:false
343 silly placeDep ROOT undici-types@7.16.0 OK for: @types/node@24.10.1 want: ~7.16.0
344 silly placeDep ROOT ms@2.1.3 OK for: debug@4.4.3 want: ^2.1.3
345 silly placeDep ROOT wrappy@1.0.2 OK for: once@1.4.0 want: 1
346 silly placeDep ROOT abort-controller@3.0.0 OK for: readable-stream@4.7.0 want: ^3.0.0
347 silly placeDep node_modules/readable-stream buffer@6.0.3 OK for: readable-stream@4.7.0 want: ^6.0.3
348 silly placeDep ROOT events@3.3.0 OK for: readable-stream@4.7.0 want: ^3.3.0
349 silly placeDep ROOT process@0.11.10 OK for: readable-stream@4.7.0 want: ^0.11.10
350 silly placeDep ROOT string_decoder@1.3.0 OK for: readable-stream@4.7.0 want: ^1.3.0
351 silly fetch manifest event-target-shim@^5.0.0
352 silly packumentCache full:https://registry.npmjs.org/event-target-shim cache-miss
353 silly fetch manifest safe-buffer@~5.2.0
354 silly packumentCache full:https://registry.npmjs.org/safe-buffer cache-miss
355 http fetch GET 200 https://registry.npmjs.org/safe-buffer 7ms (cache hit)
356 silly packumentCache full:https://registry.npmjs.org/safe-buffer set size:41183 disposed:false
357 http fetch GET 200 https://registry.npmjs.org/event-target-shim 37ms (cache miss)
358 silly packumentCache full:https://registry.npmjs.org/event-target-shim set size:undefined disposed:false
359 silly placeDep ROOT event-target-shim@5.0.1 OK for: abort-controller@3.0.0 want: ^5.0.0
360 silly placeDep ROOT worker-timers@7.1.8 OK for: retimer@4.0.0 want: ^7.0.75
361 silly fetch manifest tslib@^2.6.2
362 silly packumentCache full:https://registry.npmjs.org/tslib cache-miss
363 silly fetch manifest @babel/runtime@^7.24.5
364 silly packumentCache full:https://registry.npmjs.org/@babel%2fruntime cache-miss
365 silly fetch manifest worker-timers-broker@^6.1.8
366 silly packumentCache full:https://registry.npmjs.org/worker-timers-broker cache-miss
367 silly fetch manifest worker-timers-worker@^7.0.71
368 silly packumentCache full:https://registry.npmjs.org/worker-timers-worker cache-miss
369 http fetch GET 200 https://registry.npmjs.org/tslib 66ms (cache miss)
370 silly packumentCache full:https://registry.npmjs.org/tslib set size:undefined disposed:false
371 http fetch GET 200 https://registry.npmjs.org/worker-timers-worker 86ms (cache miss)
372 silly packumentCache full:https://registry.npmjs.org/worker-timers-worker set size:undefined disposed:false
373 http fetch GET 200 https://registry.npmjs.org/worker-timers-broker 107ms (cache miss)
374 silly packumentCache full:https://registry.npmjs.org/worker-timers-broker set size:undefined disposed:false
375 http fetch GET 200 https://registry.npmjs.org/@babel%2fruntime 147ms (cache miss)
376 silly packumentCache full:https://registry.npmjs.org/@babel%2fruntime set size:undefined disposed:false
377 silly placeDep ROOT memory-pager@1.5.0 OK for: sparse-bitfield@3.0.3 want: ^1.0.2
378 silly placeDep ROOT safe-buffer@5.2.1 OK for: string_decoder@1.3.0 want: ~5.2.0
379 silly placeDep ROOT duplexify@3.7.1 OK for: websocket-stream@5.5.2 want: ^3.5.1
380 silly placeDep node_modules/websocket-stream readable-stream@2.3.8 OK for: websocket-stream@5.5.2 want: ^2.3.3
381 silly placeDep ROOT ws@3.3.3 OK for: websocket-stream@5.5.2 want: ^3.2.0
382 silly fetch manifest readable-stream@^2.0.0
383 silly packumentCache full:https://registry.npmjs.org/readable-stream cache-hit
384 silly fetch manifest stream-shift@^1.0.0
385 silly packumentCache full:https://registry.npmjs.org/stream-shift cache-miss
386 silly fetch manifest isarray@~1.0.0
387 silly packumentCache full:https://registry.npmjs.org/isarray cache-miss
388 silly fetch manifest safe-buffer@~5.1.1
389 silly packumentCache full:https://registry.npmjs.org/safe-buffer cache-hit
390 silly fetch manifest core-util-is@~1.0.0
391 silly packumentCache full:https://registry.npmjs.org/core-util-is cache-miss
392 silly fetch manifest string_decoder@~1.1.1
393 silly packumentCache full:https://registry.npmjs.org/string_decoder cache-miss
394 silly fetch manifest util-deprecate@~1.0.1
395 silly packumentCache full:https://registry.npmjs.org/util-deprecate cache-miss
396 silly fetch manifest ultron@~1.1.0
397 silly packumentCache full:https://registry.npmjs.org/ultron cache-miss
398 silly fetch manifest safe-buffer@~5.1.0
399 silly packumentCache full:https://registry.npmjs.org/safe-buffer cache-hit
400 silly fetch manifest async-limiter@~1.0.0
401 silly packumentCache full:https://registry.npmjs.org/async-limiter cache-miss
402 http fetch GET 200 https://registry.npmjs.org/string_decoder 21ms (cache hit)
403 silly packumentCache full:https://registry.npmjs.org/string_decoder set size:28441 disposed:false
404 http fetch GET 200 https://registry.npmjs.org/core-util-is 97ms (cache miss)
405 silly packumentCache full:https://registry.npmjs.org/core-util-is set size:undefined disposed:false
406 http fetch GET 200 https://registry.npmjs.org/util-deprecate 96ms (cache miss)
407 silly packumentCache full:https://registry.npmjs.org/util-deprecate set size:undefined disposed:false
408 http fetch GET 200 https://registry.npmjs.org/stream-shift 102ms (cache miss)
409 silly packumentCache full:https://registry.npmjs.org/stream-shift set size:undefined disposed:false
410 http fetch GET 200 https://registry.npmjs.org/ultron 98ms (cache miss)
411 silly packumentCache full:https://registry.npmjs.org/ultron set size:undefined disposed:false
412 http fetch GET 200 https://registry.npmjs.org/isarray 103ms (cache miss)
413 silly packumentCache full:https://registry.npmjs.org/isarray set size:undefined disposed:false
414 http fetch GET 200 https://registry.npmjs.org/async-limiter 121ms (cache miss)
415 silly packumentCache full:https://registry.npmjs.org/async-limiter set size:undefined disposed:false
416 silly placeDep node_modules/duplexify readable-stream@2.3.8 OK for: duplexify@3.7.1 want: ^2.0.0
417 silly placeDep ROOT stream-shift@1.0.3 OK for: duplexify@3.7.1 want: ^1.0.0
418 silly placeDep ROOT tr46@5.1.1 OK for: whatwg-url@14.2.0 want: ^5.1.0
419 silly placeDep ROOT webidl-conversions@7.0.0 OK for: whatwg-url@14.2.0 want: ^7.0.0
420 silly fetch manifest punycode@^2.3.1
421 silly packumentCache full:https://registry.npmjs.org/punycode cache-miss
422 http fetch GET 200 https://registry.npmjs.org/punycode 43ms (cache miss)
423 silly packumentCache full:https://registry.npmjs.org/punycode set size:undefined disposed:false
424 silly placeDep ROOT punycode@2.3.1 OK for: tr46@5.1.1 want: ^2.3.1
425 silly placeDep ROOT @babel/runtime@7.28.4 OK for: worker-timers@7.1.8 want: ^7.24.5
426 silly placeDep ROOT tslib@2.8.1 OK for: worker-timers@7.1.8 want: ^2.6.2
427 silly placeDep ROOT worker-timers-broker@6.1.8 OK for: worker-timers@7.1.8 want: ^6.1.8
428 silly placeDep ROOT worker-timers-worker@7.0.71 OK for: worker-timers@7.1.8 want: ^7.0.71
429 silly fetch manifest fast-unique-numbers@^8.0.13
430 silly packumentCache full:https://registry.npmjs.org/fast-unique-numbers cache-miss
431 http fetch GET 200 https://registry.npmjs.org/fast-unique-numbers 48ms (cache miss)
432 silly packumentCache full:https://registry.npmjs.org/fast-unique-numbers set size:undefined disposed:false
433 silly placeDep ROOT fast-unique-numbers@8.0.13 OK for: worker-timers-broker@6.1.8 want: ^8.0.13
434 silly placeDep ROOT async-limiter@1.0.1 OK for: ws@3.3.3 want: ~1.0.0
435 silly placeDep node_modules/ws safe-buffer@5.1.2 OK for: ws@3.3.3 want: ~5.1.0
436 silly placeDep ROOT ultron@1.1.1 OK for: ws@3.3.3 want: ~1.1.0
437 silly placeDep node_modules/aedes-packet bl@4.1.0 OK for: mqtt-packet@7.1.2 want: ^4.0.2
438 silly fetch manifest readable-stream@^3.4.0
439 silly packumentCache full:https://registry.npmjs.org/readable-stream cache-hit
440 silly placeDep node_modules/aedes-packet readable-stream@3.6.2 OK for: bl@4.1.0 want: ^3.4.0
441 silly fetch manifest util-deprecate@^1.0.1
442 silly packumentCache full:https://registry.npmjs.org/util-deprecate cache-miss
443 http fetch GET 200 https://registry.npmjs.org/util-deprecate 5ms (cache hit)
444 silly packumentCache full:https://registry.npmjs.org/util-deprecate set size:6674 disposed:false
445 silly placeDep ROOT util-deprecate@1.0.2 OK for: readable-stream@3.6.2 want: ^1.0.1
446 silly placeDep ROOT core-util-is@1.0.3 OK for: readable-stream@2.3.8 want: ~1.0.0
447 silly placeDep ROOT isarray@1.0.0 OK for: readable-stream@2.3.8 want: ~1.0.0
448 silly placeDep node_modules/duplexify safe-buffer@5.1.2 OK for: readable-stream@2.3.8 want: ~5.1.1
449 silly placeDep node_modules/duplexify string_decoder@1.1.1 OK for: readable-stream@2.3.8 want: ~1.1.1
450 silly placeDep node_modules/websocket-stream safe-buffer@5.1.2 OK for: readable-stream@2.3.8 want: ~5.1.1
451 silly placeDep node_modules/websocket-stream string_decoder@1.1.1 OK for: readable-stream@2.3.8 want: ~1.1.1
452 silly reify moves {}
453 silly tarball no local data for core-util-is@https://registry.npmjs.org/core-util-is/-/core-util-is-1.0.3.tgz. Extracting by manifest.
454 silly tarball no local data for util-deprecate@https://registry.npmjs.org/util-deprecate/-/util-deprecate-1.0.2.tgz. Extracting by manifest.
455 silly tarball no local data for isarray@https://registry.npmjs.org/isarray/-/isarray-1.0.0.tgz. Extracting by manifest.
456 silly tarball no local data for ultron@https://registry.npmjs.org/ultron/-/ultron-1.1.1.tgz. Extracting by manifest.
457 silly tarball no local data for async-limiter@https://registry.npmjs.org/async-limiter/-/async-limiter-1.0.1.tgz. Extracting by manifest.
458 silly tarball no local data for fast-unique-numbers@https://registry.npmjs.org/fast-unique-numbers/-/fast-unique-numbers-8.0.13.tgz. Extracting by manifest.
459 silly tarball no local data for worker-timers-worker@https://registry.npmjs.org/worker-timers-worker/-/worker-timers-worker-7.0.71.tgz. Extracting by manifest.
460 silly tarball no local data for worker-timers-broker@https://registry.npmjs.org/worker-timers-broker/-/worker-timers-broker-6.1.8.tgz. Extracting by manifest.
461 silly tarball no local data for tslib@https://registry.npmjs.org/tslib/-/tslib-2.8.1.tgz. Extracting by manifest.
462 silly tarball no local data for @babel/runtime@https://registry.npmjs.org/@babel/runtime/-/runtime-7.28.4.tgz. Extracting by manifest.
463 silly tarball no local data for punycode@https://registry.npmjs.org/punycode/-/punycode-2.3.1.tgz. Extracting by manifest.
464 silly tarball no local data for webidl-conversions@https://registry.npmjs.org/webidl-conversions/-/webidl-conversions-7.0.0.tgz. Extracting by manifest.
465 silly tarball no local data for tr46@https://registry.npmjs.org/tr46/-/tr46-5.1.1.tgz. Extracting by manifest.
466 silly tarball no local data for duplexify@https://registry.npmjs.org/duplexify/-/duplexify-3.7.1.tgz. Extracting by manifest.
467 silly tarball no local data for safe-buffer@https://registry.npmjs.org/safe-buffer/-/safe-buffer-5.2.1.tgz. Extracting by manifest.
468 silly tarball no local data for memory-pager@https://registry.npmjs.org/memory-pager/-/memory-pager-1.5.0.tgz. Extracting by manifest.
469 silly tarball no local data for worker-timers@https://registry.npmjs.org/worker-timers/-/worker-timers-7.1.8.tgz. Extracting by manifest.
470 silly tarball no local data for event-target-shim@https://registry.npmjs.org/event-target-shim/-/event-target-shim-5.0.1.tgz. Extracting by manifest.
471 silly tarball no local data for string_decoder@https://registry.npmjs.org/string_decoder/-/string_decoder-1.3.0.tgz. Extracting by manifest.
472 silly tarball no local data for stream-shift@https://registry.npmjs.org/stream-shift/-/stream-shift-1.0.3.tgz. Extracting by manifest.
473 silly tarball no local data for events@https://registry.npmjs.org/events/-/events-3.3.0.tgz. Extracting by manifest.
474 silly tarball no local data for process@https://registry.npmjs.org/process/-/process-0.11.10.tgz. Extracting by manifest.
475 silly tarball no local data for ws@https://registry.npmjs.org/ws/-/ws-3.3.3.tgz. Extracting by manifest.
476 silly tarball no local data for abort-controller@https://registry.npmjs.org/abort-controller/-/abort-controller-3.0.0.tgz. Extracting by manifest.
477 silly tarball no local data for ms@https://registry.npmjs.org/ms/-/ms-2.1.3.tgz. Extracting by manifest.
478 silly tarball no local data for wrappy@https://registry.npmjs.org/wrappy/-/wrappy-1.0.2.tgz. Extracting by manifest.
479 silly tarball no local data for @types/node@https://registry.npmjs.org/@types/node/-/node-24.10.1.tgz. Extracting by manifest.
480 silly tarball no local data for undici-types@https://registry.npmjs.org/undici-types/-/undici-types-7.16.0.tgz. Extracting by manifest.
481 silly tarball no local data for readable-stream@https://registry.npmjs.org/readable-stream/-/readable-stream-4.7.0.tgz. Extracting by manifest.
482 silly tarball no local data for @types/readable-stream@https://registry.npmjs.org/@types/readable-stream/-/readable-stream-4.0.22.tgz. Extracting by manifest.
483 silly tarball no local data for inherits@https://registry.npmjs.org/inherits/-/inherits-2.0.4.tgz. Extracting by manifest.
484 silly tarball no local data for debug@https://registry.npmjs.org/debug/-/debug-4.4.3.tgz. Extracting by manifest.
485 silly tarball no local data for process-nextick-args@https://registry.npmjs.org/process-nextick-args/-/process-nextick-args-2.0.1.tgz. Extracting by manifest.
486 silly tarball no local data for bl@https://registry.npmjs.org/bl/-/bl-6.1.5.tgz. Extracting by manifest.
487 silly tarball no local data for whatwg-url@https://registry.npmjs.org/whatwg-url/-/whatwg-url-14.2.0.tgz. Extracting by manifest.
488 silly tarball no local data for @types/whatwg-url@https://registry.npmjs.org/@types/whatwg-url/-/whatwg-url-11.0.5.tgz. Extracting by manifest.
489 silly tarball no local data for @types/webidl-conversions@https://registry.npmjs.org/@types/webidl-conversions/-/webidl-conversions-7.0.3.tgz. Extracting by manifest.
490 silly tarball no local data for sparse-bitfield@https://registry.npmjs.org/sparse-bitfield/-/sparse-bitfield-3.0.3.tgz. Extracting by manifest.
491 silly tarball no local data for mongodb-connection-string-url@https://registry.npmjs.org/mongodb-connection-string-url/-/mongodb-connection-string-url-3.0.2.tgz. Extracting by manifest.
492 silly tarball no local data for ieee754@https://registry.npmjs.org/ieee754/-/ieee754-1.2.1.tgz. Extracting by manifest.
493 silly tarball no local data for bson@https://registry.npmjs.org/bson/-/bson-6.10.4.tgz. Extracting by manifest.
494 silly tarball no local data for base64-js@https://registry.npmjs.org/base64-js/-/base64-js-1.5.1.tgz. Extracting by manifest.
495 silly tarball no local data for @mongodb-js/saslprep@https://registry.npmjs.org/@mongodb-js/saslprep/-/saslprep-1.3.2.tgz. Extracting by manifest.
496 silly tarball no local data for uuid-parse@https://registry.npmjs.org/uuid-parse/-/uuid-parse-1.1.0.tgz. Extracting by manifest.
497 silly tarball no local data for xtend@https://registry.npmjs.org/xtend/-/xtend-4.0.2.tgz. Extracting by manifest.
498 silly tarball no local data for buffer@https://registry.npmjs.org/buffer/-/buffer-5.7.1.tgz. Extracting by manifest.
499 silly tarball no local data for once@https://registry.npmjs.org/once/-/once-1.4.0.tgz. Extracting by manifest.
500 silly tarball no local data for mongodb@https://registry.npmjs.org/mongodb/-/mongodb-6.17.0.tgz. Extracting by manifest.
501 silly tarball no local data for escape-string-regexp@https://registry.npmjs.org/escape-string-regexp/-/escape-string-regexp-4.0.0.tgz. Extracting by manifest.
502 silly tarball no local data for qlobber@https://registry.npmjs.org/qlobber/-/qlobber-7.0.1.tgz. Extracting by manifest.
503 silly tarball no local data for reusify@https://registry.npmjs.org/reusify/-/reusify-1.1.0.tgz. Extracting by manifest.
504 silly tarball no local data for retimer@https://registry.npmjs.org/retimer/-/retimer-4.0.0.tgz. Extracting by manifest.
505 silly tarball no local data for uuid@https://registry.npmjs.org/uuid/-/uuid-10.0.0.tgz. Extracting by manifest.
506 silly tarball no local data for mqemitter@https://registry.npmjs.org/mqemitter/-/mqemitter-6.0.2.tgz. Extracting by manifest.
507 silly tarball no local data for hyperid@https://registry.npmjs.org/hyperid/-/hyperid-3.3.0.tgz. Extracting by manifest.
508 silly tarball no local data for fastseries@https://registry.npmjs.org/fastseries/-/fastseries-2.0.0.tgz. Extracting by manifest.
509 silly tarball no local data for mqtt-packet@https://registry.npmjs.org/mqtt-packet/-/mqtt-packet-9.0.2.tgz. Extracting by manifest.
510 silly tarball no local data for fastfall@https://registry.npmjs.org/fastfall/-/fastfall-1.5.1.tgz. Extracting by manifest.
511 silly tarball no local data for end-of-stream@https://registry.npmjs.org/end-of-stream/-/end-of-stream-1.4.5.tgz. Extracting by manifest.
512 silly tarball no local data for fastparallel@https://registry.npmjs.org/fastparallel/-/fastparallel-2.4.1.tgz. Extracting by manifest.
513 silly tarball no local data for aedes-persistence@https://registry.npmjs.org/aedes-persistence/-/aedes-persistence-9.1.2.tgz. Extracting by manifest.
514 silly tarball no local data for aedes-packet@https://registry.npmjs.org/aedes-packet/-/aedes-packet-3.0.0.tgz. Extracting by manifest.
515 silly tarball no local data for websocket-stream@https://registry.npmjs.org/websocket-stream/-/websocket-stream-5.5.2.tgz. Extracting by manifest.
516 silly tarball no local data for aedes-persistence-mongodb@https://registry.npmjs.org/aedes-persistence-mongodb/-/aedes-persistence-mongodb-9.4.0.tgz. Extracting by manifest.
517 silly tarball no local data for node-red-contrib-aedes@https://registry.npmjs.org/node-red-contrib-aedes/-/node-red-contrib-aedes-0.15.0.tgz. Extracting by manifest.
518 silly tarball no local data for aedes@https://registry.npmjs.org/aedes/-/aedes-0.51.3.tgz. Extracting by manifest.
519 silly tarball no local data for safe-buffer@https://registry.npmjs.org/safe-buffer/-/safe-buffer-5.1.2.tgz. Extracting by manifest.
520 silly tarball no local data for string_decoder@https://registry.npmjs.org/string_decoder/-/string_decoder-1.1.1.tgz. Extracting by manifest.
521 silly tarball no local data for safe-buffer@https://registry.npmjs.org/safe-buffer/-/safe-buffer-5.1.2.tgz. Extracting by manifest.
522 silly tarball no local data for readable-stream@https://registry.npmjs.org/readable-stream/-/readable-stream-2.3.8.tgz. Extracting by manifest.
523 silly tarball no local data for buffer@https://registry.npmjs.org/buffer/-/buffer-6.0.3.tgz. Extracting by manifest.
524 silly tarball no local data for buffer@https://registry.npmjs.org/buffer/-/buffer-6.0.3.tgz. Extracting by manifest.
525 silly tarball no local data for qlobber@https://registry.npmjs.org/qlobber/-/qlobber-8.0.1.tgz. Extracting by manifest.
526 silly tarball no local data for readable-stream@https://registry.npmjs.org/readable-stream/-/readable-stream-3.6.2.tgz. Extracting by manifest.
527 silly tarball no local data for uuid@https://registry.npmjs.org/uuid/-/uuid-8.3.2.tgz. Extracting by manifest.
528 silly tarball no local data for bl@https://registry.npmjs.org/bl/-/bl-4.1.0.tgz. Extracting by manifest.
529 silly tarball no local data for mqtt-packet@https://registry.npmjs.org/mqtt-packet/-/mqtt-packet-7.1.2.tgz. Extracting by manifest.
530 silly tarball no local data for safe-buffer@https://registry.npmjs.org/safe-buffer/-/safe-buffer-5.1.2.tgz. Extracting by manifest.
531 silly tarball no local data for readable-stream@https://registry.npmjs.org/readable-stream/-/readable-stream-2.3.8.tgz. Extracting by manifest.
532 silly tarball no local data for string_decoder@https://registry.npmjs.org/string_decoder/-/string_decoder-1.1.1.tgz. Extracting by manifest.
533 silly tarball no local data for aedes-persistence@https://registry.npmjs.org/aedes-persistence/-/aedes-persistence-10.2.2.tgz. Extracting by manifest.
534 silly tarball no local data for qlobber@https://registry.npmjs.org/qlobber/-/qlobber-8.0.1.tgz. Extracting by manifest.
535 http fetch GET 200 https://registry.npmjs.org/async-limiter/-/async-limiter-1.0.1.tgz 668ms (cache miss)
536 http fetch GET 200 https://registry.npmjs.org/duplexify/-/duplexify-3.7.1.tgz 710ms (cache miss)
537 http fetch GET 200 https://registry.npmjs.org/memory-pager/-/memory-pager-1.5.0.tgz 707ms (cache miss)
538 http fetch GET 200 https://registry.npmjs.org/process/-/process-0.11.10.tgz 701ms (cache miss)
539 http fetch GET 200 https://registry.npmjs.org/ms/-/ms-2.1.3.tgz 704ms (cache miss)
540 http fetch GET 200 https://registry.npmjs.org/isarray/-/isarray-1.0.0.tgz 737ms (cache miss)
541 http fetch GET 200 https://registry.npmjs.org/fast-unique-numbers/-/fast-unique-numbers-8.0.13.tgz 737ms (cache miss)
542 http fetch GET 200 https://registry.npmjs.org/core-util-is/-/core-util-is-1.0.3.tgz 741ms (cache miss)
543 http fetch GET 200 https://registry.npmjs.org/punycode/-/punycode-2.3.1.tgz 735ms (cache miss)
544 http fetch GET 200 https://registry.npmjs.org/safe-buffer/-/safe-buffer-5.2.1.tgz 733ms (cache miss)
545 http fetch GET 200 https://registry.npmjs.org/inherits/-/inherits-2.0.4.tgz 715ms (cache miss)
546 http fetch GET 200 https://registry.npmjs.org/process-nextick-args/-/process-nextick-args-2.0.1.tgz 716ms (cache miss)
547 http fetch GET 200 https://registry.npmjs.org/util-deprecate/-/util-deprecate-1.0.2.tgz 758ms (cache miss)
548 http fetch GET 200 https://registry.npmjs.org/ultron/-/ultron-1.1.1.tgz 758ms (cache miss)
549 http fetch GET 200 https://registry.npmjs.org/stream-shift/-/stream-shift-1.0.3.tgz 742ms (cache miss)
550 http fetch GET 200 https://registry.npmjs.org/@types/whatwg-url/-/whatwg-url-11.0.5.tgz 733ms (cache miss)
551 http fetch GET 200 https://registry.npmjs.org/sparse-bitfield/-/sparse-bitfield-3.0.3.tgz 733ms (cache miss)
552 http fetch GET 200 https://registry.npmjs.org/escape-string-regexp/-/escape-string-regexp-4.0.0.tgz 730ms (cache miss)
553 http fetch GET 200 https://registry.npmjs.org/webidl-conversions/-/webidl-conversions-7.0.0.tgz 771ms (cache miss)
554 http fetch GET 200 https://registry.npmjs.org/string_decoder/-/string_decoder-1.3.0.tgz 764ms (cache miss)
555 http fetch GET 200 https://registry.npmjs.org/uuid-parse/-/uuid-parse-1.1.0.tgz 746ms (cache miss)
556 http fetch GET 200 https://registry.npmjs.org/wrappy/-/wrappy-1.0.2.tgz 759ms (cache miss)
557 http fetch GET 200 https://registry.npmjs.org/once/-/once-1.4.0.tgz 744ms (cache miss)
558 http fetch GET 200 https://registry.npmjs.org/@types/readable-stream/-/readable-stream-4.0.22.tgz 756ms (cache miss)
559 http fetch GET 200 https://registry.npmjs.org/fastseries/-/fastseries-2.0.0.tgz 735ms (cache miss)
560 http fetch GET 200 https://registry.npmjs.org/debug/-/debug-4.4.3.tgz 761ms (cache miss)
561 http fetch GET 200 https://registry.npmjs.org/ieee754/-/ieee754-1.2.1.tgz 756ms (cache miss)
562 http fetch GET 200 https://registry.npmjs.org/mongodb-connection-string-url/-/mongodb-connection-string-url-3.0.2.tgz 758ms (cache miss)
563 http fetch GET 200 https://registry.npmjs.org/@types/webidl-conversions/-/webidl-conversions-7.0.3.tgz 759ms (cache miss)
564 http fetch GET 200 https://registry.npmjs.org/buffer/-/buffer-5.7.1.tgz 753ms (cache miss)
565 http fetch GET 200 https://registry.npmjs.org/abort-controller/-/abort-controller-3.0.0.tgz 780ms (cache miss)
566 http fetch GET 200 https://registry.npmjs.org/xtend/-/xtend-4.0.2.tgz 768ms (cache miss)
567 http fetch GET 200 https://registry.npmjs.org/end-of-stream/-/end-of-stream-1.4.5.tgz 756ms (cache miss)
568 http fetch GET 200 https://registry.npmjs.org/base64-js/-/base64-js-1.5.1.tgz 777ms (cache miss)
569 http fetch GET 200 https://registry.npmjs.org/retimer/-/retimer-4.0.0.tgz 771ms (cache miss)
570 http fetch GET 200 https://registry.npmjs.org/aedes-packet/-/aedes-packet-3.0.0.tgz 762ms (cache miss)
571 http fetch GET 200 https://registry.npmjs.org/websocket-stream/-/websocket-stream-5.5.2.tgz 762ms (cache miss)
572 http fetch GET 200 https://registry.npmjs.org/qlobber/-/qlobber-7.0.1.tgz 784ms (cache miss)
573 http fetch GET 200 https://registry.npmjs.org/fastparallel/-/fastparallel-2.4.1.tgz 774ms (cache miss)
574 http fetch GET 200 https://registry.npmjs.org/aedes-persistence/-/aedes-persistence-9.1.2.tgz 776ms (cache miss)
575 http fetch GET 200 https://registry.npmjs.org/buffer/-/buffer-6.0.3.tgz 772ms (cache miss)
576 http fetch GET 200 https://registry.npmjs.org/hyperid/-/hyperid-3.3.0.tgz 789ms (cache miss)
577 http fetch GET 200 https://registry.npmjs.org/fastfall/-/fastfall-1.5.1.tgz 788ms (cache miss)
578 http fetch GET 200 https://registry.npmjs.org/bl/-/bl-4.1.0.tgz 779ms (cache miss)
579 http fetch GET 200 https://registry.npmjs.org/aedes-persistence-mongodb/-/aedes-persistence-mongodb-9.4.0.tgz 787ms (cache miss)
580 http fetch GET 200 https://registry.npmjs.org/reusify/-/reusify-1.1.0.tgz 807ms (cache miss)
581 http fetch GET 200 https://registry.npmjs.org/qlobber/-/qlobber-8.0.1.tgz 780ms (cache miss)
582 http fetch GET 200 https://registry.npmjs.org/safe-buffer/-/safe-buffer-5.1.2.tgz 804ms (cache miss)
583 http fetch GET 200 https://registry.npmjs.org/string_decoder/-/string_decoder-1.1.1.tgz 804ms (cache miss)
584 http fetch GET 200 https://registry.npmjs.org/event-target-shim/-/event-target-shim-5.0.1.tgz 849ms (cache miss)
585 http fetch GET 200 https://registry.npmjs.org/bl/-/bl-6.1.5.tgz 838ms (cache miss)
586 http fetch GET 200 https://registry.npmjs.org/buffer/-/buffer-6.0.3.tgz 811ms (cache miss)
587 http fetch GET 200 https://registry.npmjs.org/safe-buffer/-/safe-buffer-5.1.2.tgz 815ms (cache miss)
588 http fetch GET 200 https://registry.npmjs.org/safe-buffer/-/safe-buffer-5.1.2.tgz 828ms (cache miss)
589 http fetch GET 200 https://registry.npmjs.org/string_decoder/-/string_decoder-1.1.1.tgz 816ms (cache miss)
590 http fetch GET 200 https://registry.npmjs.org/qlobber/-/qlobber-8.0.1.tgz 832ms (cache miss)
591 http fetch GET 200 https://registry.npmjs.org/tr46/-/tr46-5.1.1.tgz 887ms (cache miss)
592 http fetch GET 200 https://registry.npmjs.org/whatwg-url/-/whatwg-url-14.2.0.tgz 868ms (cache miss)
593 http fetch GET 200 https://registry.npmjs.org/tslib/-/tslib-2.8.1.tgz 894ms (cache miss)
594 http fetch GET 200 https://registry.npmjs.org/mqemitter/-/mqemitter-6.0.2.tgz 877ms (cache miss)
595 http fetch GET 200 https://registry.npmjs.org/worker-timers-broker/-/worker-timers-broker-6.1.8.tgz 924ms (cache miss)
596 http fetch GET 200 https://registry.npmjs.org/worker-timers/-/worker-timers-7.1.8.tgz 930ms (cache miss)
597 http fetch GET 200 https://registry.npmjs.org/aedes-persistence/-/aedes-persistence-10.2.2.tgz 885ms (cache miss)
598 http fetch GET 200 https://registry.npmjs.org/ws/-/ws-3.3.3.tgz 934ms (cache miss)
599 http fetch GET 200 https://registry.npmjs.org/mqtt-packet/-/mqtt-packet-9.0.2.tgz 922ms (cache miss)
600 http fetch GET 200 https://registry.npmjs.org/mqtt-packet/-/mqtt-packet-7.1.2.tgz 912ms (cache miss)
601 http fetch GET 200 https://registry.npmjs.org/events/-/events-3.3.0.tgz 955ms (cache miss)
602 http fetch GET 200 https://registry.npmjs.org/readable-stream/-/readable-stream-3.6.2.tgz 930ms (cache miss)
603 http fetch GET 200 https://registry.npmjs.org/readable-stream/-/readable-stream-2.3.8.tgz 959ms (cache miss)
604 http fetch GET 200 https://registry.npmjs.org/readable-stream/-/readable-stream-2.3.8.tgz 959ms (cache miss)
605 http fetch GET 200 https://registry.npmjs.org/undici-types/-/undici-types-7.16.0.tgz 1008ms (cache miss)
606 http fetch GET 200 https://registry.npmjs.org/node-red-contrib-aedes/-/node-red-contrib-aedes-0.15.0.tgz 983ms (cache miss)
607 http fetch GET 200 https://registry.npmjs.org/readable-stream/-/readable-stream-4.7.0.tgz 1041ms (cache miss)
608 http fetch GET 200 https://registry.npmjs.org/@mongodb-js/saslprep/-/saslprep-1.3.2.tgz 1064ms (cache miss)
609 http fetch GET 200 https://registry.npmjs.org/uuid/-/uuid-8.3.2.tgz 1070ms (cache miss)
610 http fetch GET 200 https://registry.npmjs.org/worker-timers-worker/-/worker-timers-worker-7.0.71.tgz 1146ms (cache miss)
611 http fetch GET 200 https://registry.npmjs.org/aedes/-/aedes-0.51.3.tgz 1101ms (cache miss)
612 http fetch GET 200 https://registry.npmjs.org/uuid/-/uuid-10.0.0.tgz 1140ms (cache miss)
613 http fetch GET 200 https://registry.npmjs.org/@babel/runtime/-/runtime-7.28.4.tgz 1325ms (cache miss)
614 http fetch GET 200 https://registry.npmjs.org/bson/-/bson-6.10.4.tgz 1306ms (cache miss)
615 http fetch GET 200 https://registry.npmjs.org/@types/node/-/node-24.10.1.tgz 1321ms (cache miss)
616 http fetch GET 200 https://registry.npmjs.org/mongodb/-/mongodb-6.17.0.tgz 1467ms (cache miss)
617 silly ADD node_modules/isarray
618 silly ADD node_modules/core-util-is
619 silly ADD node_modules/util-deprecate
620 silly ADD node_modules/ultron
621 silly ADD node_modules/async-limiter
622 silly ADD node_modules/fast-unique-numbers
623 silly ADD node_modules/worker-timers-worker
624 silly ADD node_modules/worker-timers-broker
625 silly ADD node_modules/tslib
626 silly ADD node_modules/@babel/runtime
627 silly ADD node_modules/punycode
628 silly ADD node_modules/webidl-conversions
629 silly ADD node_modules/tr46
630 silly ADD node_modules/stream-shift
631 silly ADD node_modules/ws
632 silly ADD node_modules/ws/node_modules/safe-buffer
633 silly ADD node_modules/duplexify
634 silly ADD node_modules/duplexify/node_modules/string_decoder
635 silly ADD node_modules/duplexify/node_modules/safe-buffer
636 silly ADD node_modules/duplexify/node_modules/readable-stream
637 silly ADD node_modules/safe-buffer
638 silly ADD node_modules/memory-pager
639 silly ADD node_modules/worker-timers
640 silly ADD node_modules/event-target-shim
641 silly ADD node_modules/string_decoder
642 silly ADD node_modules/process
643 silly ADD node_modules/events
644 silly ADD node_modules/abort-controller
645 silly ADD node_modules/wrappy
646 silly ADD node_modules/ms
647 silly ADD node_modules/undici-types
648 silly ADD node_modules/@types/node
649 silly ADD node_modules/readable-stream
650 silly ADD node_modules/readable-stream/node_modules/buffer
651 silly ADD node_modules/inherits
652 silly ADD node_modules/@types/readable-stream
653 silly ADD node_modules/process-nextick-args
654 silly ADD node_modules/debug
655 silly ADD node_modules/bl
656 silly ADD node_modules/bl/node_modules/buffer
657 silly ADD node_modules/@types/webidl-conversions
658 silly ADD node_modules/whatwg-url
659 silly ADD node_modules/@types/whatwg-url
660 silly ADD node_modules/sparse-bitfield
661 silly ADD node_modules/mongodb-connection-string-url
662 silly ADD node_modules/bson
663 silly ADD node_modules/@mongodb-js/saslprep
664 silly ADD node_modules/ieee754
665 silly ADD node_modules/base64-js
666 silly ADD node_modules/uuid-parse
667 silly ADD node_modules/buffer
668 silly ADD node_modules/xtend
669 silly ADD node_modules/once
670 silly ADD node_modules/mongodb
671 silly ADD node_modules/escape-string-regexp
672 silly ADD node_modules/qlobber
673 silly ADD node_modules/uuid
674 silly ADD node_modules/reusify
675 silly ADD node_modules/retimer
676 silly ADD node_modules/mqtt-packet
677 silly ADD node_modules/mqemitter
678 silly ADD node_modules/mqemitter/node_modules/qlobber
679 silly ADD node_modules/hyperid
680 silly ADD node_modules/hyperid/node_modules/uuid
681 silly ADD node_modules/fastseries
682 silly ADD node_modules/fastparallel
683 silly ADD node_modules/fastfall
684 silly ADD node_modules/end-of-stream
685 silly ADD node_modules/aedes-persistence
686 silly ADD node_modules/aedes-packet
687 silly ADD node_modules/aedes-packet/node_modules/readable-stream
688 silly ADD node_modules/aedes-packet/node_modules/bl
689 silly ADD node_modules/aedes-packet/node_modules/mqtt-packet
690 silly ADD node_modules/websocket-stream
691 silly ADD node_modules/websocket-stream/node_modules/string_decoder
692 silly ADD node_modules/websocket-stream/node_modules/safe-buffer
693 silly ADD node_modules/websocket-stream/node_modules/readable-stream
694 silly ADD node_modules/aedes-persistence-mongodb
695 silly ADD node_modules/aedes-persistence-mongodb/node_modules/qlobber
696 silly ADD node_modules/aedes-persistence-mongodb/node_modules/aedes-persistence
697 silly ADD node_modules/aedes
698 silly ADD node_modules/node-red-contrib-aedes
699 verbose cwd /data
700 verbose os Linux 6.6.87.2-microsoft-standard-WSL2
701 verbose node v20.19.5
702 verbose npm  v10.8.2
703 verbose exit 0
704 info ok
